<?xml version="1.0" encoding="UTF-8"?>
<testsuite xmlns:xsi="http://www.w3.org/2001/XMLSchema-instance" xsi:noNamespaceSchemaLocation="https://maven.apache.org/surefire/maven-surefire-plugin/xsd/surefire-test-report.xsd" name="MyMoneyTest" time="0.284" tests="26" errors="0" skipped="0" failures="0">
  <properties>
    <property name="java.specification.version" value="16"/>
    <property name="sun.cpu.isalist" value="amd64"/>
    <property name="sun.jnu.encoding" value="Cp1252"/>
    <property name="java.class.path" value="C:\Users\kalps\Downloads\HomeworkTwo\target\test-classes;C:\Users\kalps\Downloads\HomeworkTwo\target\classes;C:\Users\kalps\.m2\repository\org\junit\jupiter\junit-jupiter\5.6.2\junit-jupiter-5.6.2.jar;C:\Users\kalps\.m2\repository\org\junit\jupiter\junit-jupiter-api\5.6.2\junit-jupiter-api-5.6.2.jar;C:\Users\kalps\.m2\repository\org\apiguardian\apiguardian-api\1.1.0\apiguardian-api-1.1.0.jar;C:\Users\kalps\.m2\repository\org\opentest4j\opentest4j\1.2.0\opentest4j-1.2.0.jar;C:\Users\kalps\.m2\repository\org\junit\platform\junit-platform-commons\1.6.2\junit-platform-commons-1.6.2.jar;C:\Users\kalps\.m2\repository\org\junit\jupiter\junit-jupiter-params\5.6.2\junit-jupiter-params-5.6.2.jar;C:\Users\kalps\.m2\repository\org\junit\jupiter\junit-jupiter-engine\5.6.2\junit-jupiter-engine-5.6.2.jar;C:\Users\kalps\.m2\repository\org\junit\platform\junit-platform-engine\1.6.2\junit-platform-engine-1.6.2.jar;"/>
    <property name="java.vm.vendor" value="Oracle Corporation"/>
    <property name="sun.arch.data.model" value="64"/>
    <property name="user.variant" value=""/>
    <property name="java.vendor.url" value="https://java.oracle.com/"/>
    <property name="user.timezone" value="America/Chicago"/>
    <property name="os.name" value="Windows 10"/>
    <property name="java.vm.specification.version" value="16"/>
    <property name="sun.java.launcher" value="SUN_STANDARD"/>
    <property name="user.country" value="US"/>
    <property name="sun.boot.library.path" value="C:\Program Files\Java\jdk-16.0.2\bin"/>
    <property name="sun.java.command" value="C:\Users\kalps\AppData\Local\Temp\surefire12292845333657305011\surefirebooter777849864073753705.jar C:\Users\kalps\AppData\Local\Temp\surefire12292845333657305011 2021-09-19T19-51-30_066-jvmRun1 surefire13617372585345672323tmp surefire_08804887737592411944tmp"/>
    <property name="jdk.debug" value="release"/>
    <property name="surefire.test.class.path" value="C:\Users\kalps\Downloads\HomeworkTwo\target\test-classes;C:\Users\kalps\Downloads\HomeworkTwo\target\classes;C:\Users\kalps\.m2\repository\org\junit\jupiter\junit-jupiter\5.6.2\junit-jupiter-5.6.2.jar;C:\Users\kalps\.m2\repository\org\junit\jupiter\junit-jupiter-api\5.6.2\junit-jupiter-api-5.6.2.jar;C:\Users\kalps\.m2\repository\org\apiguardian\apiguardian-api\1.1.0\apiguardian-api-1.1.0.jar;C:\Users\kalps\.m2\repository\org\opentest4j\opentest4j\1.2.0\opentest4j-1.2.0.jar;C:\Users\kalps\.m2\repository\org\junit\platform\junit-platform-commons\1.6.2\junit-platform-commons-1.6.2.jar;C:\Users\kalps\.m2\repository\org\junit\jupiter\junit-jupiter-params\5.6.2\junit-jupiter-params-5.6.2.jar;C:\Users\kalps\.m2\repository\org\junit\jupiter\junit-jupiter-engine\5.6.2\junit-jupiter-engine-5.6.2.jar;C:\Users\kalps\.m2\repository\org\junit\platform\junit-platform-engine\1.6.2\junit-platform-engine-1.6.2.jar;"/>
    <property name="sun.cpu.endian" value="little"/>
    <property name="user.home" value="C:\Users\kalps"/>
    <property name="user.language" value="en"/>
    <property name="java.specification.vendor" value="Oracle Corporation"/>
    <property name="java.version.date" value="2021-07-20"/>
    <property name="java.home" value="C:\Program Files\Java\jdk-16.0.2"/>
    <property name="file.separator" value="\"/>
    <property name="basedir" value="C:\Users\kalps\Downloads\HomeworkTwo"/>
    <property name="java.vm.compressedOopsMode" value="Zero based"/>
    <property name="line.separator" value="&#10;"/>
    <property name="java.vm.specification.vendor" value="Oracle Corporation"/>
    <property name="java.specification.name" value="Java Platform API Specification"/>
    <property name="surefire.real.class.path" value="C:\Users\kalps\AppData\Local\Temp\surefire12292845333657305011\surefirebooter777849864073753705.jar"/>
    <property name="user.script" value=""/>
    <property name="sun.management.compiler" value="HotSpot 64-Bit Tiered Compilers"/>
    <property name="java.runtime.version" value="16.0.2+7-67"/>
    <property name="user.name" value="kalps"/>
    <property name="path.separator" value=";"/>
    <property name="os.version" value="10.0"/>
    <property name="java.runtime.name" value="Java(TM) SE Runtime Environment"/>
    <property name="file.encoding" value="Cp1252"/>
    <property name="java.vm.name" value="Java HotSpot(TM) 64-Bit Server VM"/>
    <property name="localRepository" value="C:\Users\kalps\.m2\repository"/>
    <property name="java.vendor.url.bug" value="https://bugreport.java.com/bugreport/"/>
    <property name="java.io.tmpdir" value="C:\Users\kalps\AppData\Local\Temp\"/>
    <property name="java.version" value="16.0.2"/>
    <property name="user.dir" value="C:\Users\kalps\Downloads\HomeworkTwo"/>
    <property name="os.arch" value="amd64"/>
    <property name="java.vm.specification.name" value="Java Virtual Machine Specification"/>
    <property name="sun.os.patch.level" value=""/>
    <property name="java.library.path" value="C:\Program Files\Java\jdk-16.0.2\bin;C:\WINDOWS\Sun\Java\bin;C:\WINDOWS\system32;C:\WINDOWS;C:\Program Files\apache-maven-3.8.2\bin;C:\Program Files\Common Files\Oracle\Java\javapath;C:\WINDOWS\system32;C:\WINDOWS;C:\WINDOWS\System32\Wbem;C:\WINDOWS\System32\WindowsPowerShell\v1.0\;C:\WINDOWS\System32\OpenSSH\;C:\Program Files\MATLAB\R2020a\bin;C:\Program Files\PuTTY\;C:\Users\kalps\AppData\Local\Microsoft\WindowsApps;C:\Users\kalps\AppData\Local\GitHubDesktop\bin;C:\Users\kalps\AppData\Local\Programs\Microsoft VS Code\bin;."/>
    <property name="java.vm.info" value="mixed mode, sharing"/>
    <property name="java.vendor" value="Oracle Corporation"/>
    <property name="java.vm.version" value="16.0.2+7-67"/>
    <property name="sun.io.unicode.encoding" value="UnicodeLittle"/>
    <property name="java.class.version" value="60.0"/>
  </properties>
  <testcase name="checkInterestArrayAssretion" classname="MyMoneyTest" time="0.026"/>
  <testcase name="checkCashArray{double}[1]" classname="MyMoneyTest" time="0.035"/>
  <testcase name="checkCashArray{double}[2]" classname="MyMoneyTest" time="0.001"/>
  <testcase name="checkCashArray{double}[3]" classname="MyMoneyTest" time="0.001"/>
  <testcase name="checkCashArray{double}[4]" classname="MyMoneyTest" time="0.001"/>
  <testcase name="checkCashArray{double}[5]" classname="MyMoneyTest" time="0.001"/>
  <testcase name="checkCashArray{double}[6]" classname="MyMoneyTest" time="0.001"/>
  <testcase name="checkCashArray{double}[7]" classname="MyMoneyTest" time="0.001"/>
  <testcase name="checkCashArray{double}[8]" classname="MyMoneyTest" time="0.001"/>
  <testcase name="compoundSavings_sameContributionTest1" classname="MyMoneyTest" time="0.022"/>
  <testcase name="compoundSavings_sameContributionTest2" classname="MyMoneyTest" time="0.007"/>
  <testcase name="lumpSum_ConstantRateTest1" classname="MyMoneyTest" time="0.012"/>
  <testcase name="lumpSum_ConstantRateTest2" classname="MyMoneyTest" time="0.013"/>
  <testcase name="lumpSum_VariableRateTest1" classname="MyMoneyTest" time="0"/>
  <testcase name="lumpSum_VariableRateTest2" classname="MyMoneyTest" time="0"/>
  <testcase name="compoundSavings_variableContributionTest1" classname="MyMoneyTest" time="0.008"/>
  <testcase name="compoundSavings_variableContributionTest2" classname="MyMoneyTest" time="0.024"/>
  <testcase name="checkCashArrayAssretion" classname="MyMoneyTest" time="0"/>
  <testcase name="checkInterstArray{double}[1]" classname="MyMoneyTest" time="0"/>
  <testcase name="checkInterstArray{double}[2]" classname="MyMoneyTest" time="0"/>
  <testcase name="checkInterstArray{double}[3]" classname="MyMoneyTest" time="0"/>
  <testcase name="checkInterstArray{double}[4]" classname="MyMoneyTest" time="0"/>
  <testcase name="checkInterstArray{double}[5]" classname="MyMoneyTest" time="0"/>
  <testcase name="checkInterstArray{double}[6]" classname="MyMoneyTest" time="0"/>
  <testcase name="checkInterstArray{double}[7]" classname="MyMoneyTest" time="0"/>
  <testcase name="checkInterstArray{double}[8]" classname="MyMoneyTest" time="0"/>
</testsuite>